---------- Date: 2015-12-11 19:49:57 ~ IP : 69.81.74.105 ----------
REQUEST URI : /index.php?route=seller/account-dashboard
MOD DETAILS:
   modFile   : /home2/duncaboo/public_html/vqmod/xml/multimerch_xt_comments.xml
   id        : MultiMerch Comments
   version   : 
   vqmver    : 
   author    : http://multimerch.com/

File Name    : catalog/view/theme/default/template/multiseller/account-dashboard.tpl(0)
VQModObject::applyMod - SEARCH NOT FOUND (ABORTING MOD): <div class="buttons">

MOD DETAILS:
   modFile   : /home2/duncaboo/public_html/vqmod/xml/multimerch_xt_shipping_sellerarea.xml
   id        : MultiMerch Shipping Edition - Seller Areas
   version   : 
   vqmver    : 
   author    : 

File Name    : catalog/view/theme/default/template/multiseller/account-dashboard.tpl(3)
VQModObject::applyMod - SEARCH NOT FOUND (ABORTING MOD): <td class="center" colspan="7"><?php echo $ms_account_orders_noorders; ?></td>

----------------------------------------------------------------------


---------- Date: 2015-12-11 19:50:13 ~ IP : 69.81.74.105 ----------
REQUEST URI : /index.php?route=seller/account-dashboard
MOD DETAILS:
   modFile   : /home2/duncaboo/public_html/vqmod/xml/multimerch_xt_comments.xml
   id        : MultiMerch Comments
   version   : 
   vqmver    : 
   author    : http://multimerch.com/

File Name    : catalog/view/theme/default/template/multiseller/account-dashboard.tpl(0)
VQModObject::applyMod - SEARCH NOT FOUND (ABORTING MOD): <div class="buttons">

MOD DETAILS:
   modFile   : /home2/duncaboo/public_html/vqmod/xml/multimerch_xt_shipping_sellerarea.xml
   id        : MultiMerch Shipping Edition - Seller Areas
   version   : 
   vqmver    : 
   author    : 

File Name    : catalog/view/theme/default/template/multiseller/account-dashboard.tpl(3)
VQModObject::applyMod - SEARCH NOT FOUND (ABORTING MOD): <td class="center" colspan="7"><?php echo $ms_account_orders_noorders; ?></td>

----------------------------------------------------------------------


---------- Date: 2015-12-11 20:20:36 ~ IP : 72.49.230.215 ----------
REQUEST URI : /index.php?route=seller/account-product/create
MOD DETAILS:
   modFile   : /home2/duncaboo/public_html/vqmod/xml/multimerch_xt_shipping_sellerarea.xml
   id        : MultiMerch Shipping Edition - Seller Areas
   version   : 
   vqmver    : 
   author    : 

File Name    : catalog/view/theme/default/template/multiseller/account-product-form.tpl(1)
VQModObject::applyMod - SEARCH NOT FOUND (ABORTING MOD): <!-- specials tab -->

----------------------------------------------------------------------


---------- Date: 2015-12-11 20:22:08 ~ IP : 72.49.230.215 ----------
REQUEST URI : /index.php?route=seller/account-product/create
MOD DETAILS:
   modFile   : /home2/duncaboo/public_html/vqmod/xml/multimerch_xt_shipping_sellerarea.xml
   id        : MultiMerch Shipping Edition - Seller Areas
   version   : 
   vqmver    : 
   author    : 

File Name    : catalog/view/theme/default/template/multiseller/account-product-form.tpl(1)
VQModObject::applyMod - SEARCH NOT FOUND (ABORTING MOD): <!-- specials tab -->

----------------------------------------------------------------------


---------- Date: 2015-12-11 20:22:30 ~ IP : 72.49.230.215 ----------
REQUEST URI : /index.php?route=seller/account-product/create
MOD DETAILS:
   modFile   : /home2/duncaboo/public_html/vqmod/xml/multimerch_xt_shipping_sellerarea.xml
   id        : MultiMerch Shipping Edition - Seller Areas
   version   : 
   vqmver    : 
   author    : 

File Name    : catalog/view/theme/default/template/multiseller/account-product-form.tpl(1)
VQModObject::applyMod - SEARCH NOT FOUND (ABORTING MOD): <!-- specials tab -->

----------------------------------------------------------------------


---------- Date: 2015-12-11 20:22:35 ~ IP : 72.49.230.215 ----------
REQUEST URI : /index.php?route=seller/account-product/create
MOD DETAILS:
   modFile   : /home2/duncaboo/public_html/vqmod/xml/multimerch_xt_shipping_sellerarea.xml
   id        : MultiMerch Shipping Edition - Seller Areas
   version   : 
   vqmver    : 
   author    : 

File Name    : catalog/view/theme/default/template/multiseller/account-product-form.tpl(1)
VQModObject::applyMod - SEARCH NOT FOUND (ABORTING MOD): <!-- specials tab -->

----------------------------------------------------------------------


---------- Date: 2015-12-11 21:35:19 ~ IP : 72.49.230.215 ----------
REQUEST URI : /index.php?route=seller/account-dashboard
MOD DETAILS:
   modFile   : /home2/duncaboo/public_html/vqmod/xml/multimerch_xt_comments.xml
   id        : MultiMerch Comments
   version   : 
   vqmver    : 
   author    : http://multimerch.com/

File Name    : catalog/view/theme/default/template/multiseller/account-dashboard.tpl(0)
VQModObject::applyMod - SEARCH NOT FOUND (ABORTING MOD): <div class="buttons">

MOD DETAILS:
   modFile   : /home2/duncaboo/public_html/vqmod/xml/multimerch_xt_shipping_sellerarea.xml
   id        : MultiMerch Shipping Edition - Seller Areas
   version   : 
   vqmver    : 
   author    : 

File Name    : catalog/view/theme/default/template/multiseller/account-dashboard.tpl(3)
VQModObject::applyMod - SEARCH NOT FOUND (ABORTING MOD): <td class="center" colspan="7"><?php echo $ms_account_orders_noorders; ?></td>

----------------------------------------------------------------------


